<?xml version="1.0" encoding="UTF-8"?>
<testsuite xmlns:xsi="http://www.w3.org/2001/XMLSchema-instance" xsi:noNamespaceSchemaLocation="https://maven.apache.org/surefire/maven-surefire-plugin/xsd/surefire-test-report.xsd" name="com.autotune.analyzer.utils.TestEvalExParser" time="0.367" tests="2" errors="0" skipped="0" failures="0">
  <properties>
[...]
</properties>
  <testcase name="testParse" classname="com.autotune.analyzer.utils.TestEvalExParser" time="0.006"/>
  <testcase name="testValidate" classname="com.autotune.analyzer.utils.TestEvalExParser" time="0.011"/>
</testsuite>